<?xml version="1.0" encoding="UTF-8"?>
<!-- Generated by org.testng.reporters.JUnitXMLReporter -->
<testsuite hostname="DESKTOP-JG1UH91" ignored="0" name="用户管理系统测试用例" tests="7" failures="0" timestamp="09 五月 2019 13:51:31 GMT" time="12.189" errors="0">
  <testcase name="loginTrue" time="0.854" classname="com.course.cases.LoginTest"/>
  <testcase name="loginFalse" time="0.044" classname="com.course.cases.LoginTest"/>
  <testcase name="addUser" time="3.093" classname="com.course.cases.AddUserTest"/>
  <testcase name="getUserInfo" time="2.042" classname="com.course.cases.GetUserInfoTest"/>
  <testcase name="getUserListInfo" time="2.049" classname="com.course.cases.GetUserInfoListTest"/>
  <testcase name="updateUserInfo" time="2.032" classname="com.course.cases.UpdateUserInfoTest"/>
  <testcase name="deleteUser" time="2.03" classname="com.course.cases.UpdateUserInfoTest"/>
</testsuite> <!-- 用户管理系统测试用例 -->
