<?xml version="1.0" encoding="UTF-8" ?>
<testsuite tests="7" failures="0" name="TestSuite" time="12.931" errors="0" skipped="0">
  <properties>
[...]
</properties>
  <testcase classname="com.course.cases.LoginTest" name="loginTrue" time="0.854"/>
  <testcase classname="com.course.cases.LoginTest" name="loginFalse" time="0.044"/>
  <testcase classname="com.course.cases.AddUserTest" name="addUser" time="3.093"/>
  <testcase classname="com.course.cases.GetUserInfoTest" name="getUserInfo" time="2.042"/>
  <testcase classname="com.course.cases.GetUserInfoListTest" name="getUserListInfo" time="2.049"/>
  <testcase classname="com.course.cases.UpdateUserInfoTest" name="updateUserInfo" time="2.032"/>
  <testcase classname="com.course.cases.UpdateUserInfoTest" name="deleteUser" time="2.03"/>
</testsuite>